{"name": "test_guest_cant_see_success_message_after_adding_product_to_basket", "status": "skipped", "statusDetails": {"message": "XFAIL\n\nselenium.common.exceptions.NoAlertPresentException: Message: no such alert\n  (Session info: chrome=87.0.4280.88)", "trace": "E   selenium.common.exceptions.NoAlertPresentException: Message: no such alert\n      (Session info: chrome=87.0.4280.88)"}, "start": 1608038955300, "stop": 1608038959058, "uuid": "efad3a12-fbd4-431e-b2c4-bde8254898dc", "historyId": "73a493c161f5189f89249bf7a7c46bd7", "testCaseId": "2ea4af866a6f0b6145e4e6caa3eec1ae", "fullName": "module_5.test_product_page.TestProductPage#test_guest_cant_see_success_message_after_adding_product_to_basket", "labels": [{"name": "tag", "value": "@pytest.mark.xfail"}, {"name": "parentSuite", "value": "module_5"}, {"name": "suite", "value": "test_product_page"}, {"name": "subSuite", "value": "TestProductPage"}, {"name": "host", "value": "ys.local"}, {"name": "thread", "value": "41226-MainThread"}, {"name": "framework", "value": "pytest"}, {"name": "language", "value": "cpython3"}, {"name": "package", "value": "module_5.test_product_page"}]}