{"name": "test_guest_cant_see_success_message_after_adding_product_to_basket", "status": "skipped", "statusDetails": {"message": "XFAIL\n\nselenium.common.exceptions.NoAlertPresentException: Message: no such alert\n  (Session info: chrome=87.0.4280.88)", "trace": "E   selenium.common.exceptions.NoAlertPresentException: Message: no such alert\n      (Session info: chrome=87.0.4280.88)"}, "start": 1608110921740, "stop": 1608110924307, "uuid": "41c0767d-a279-41a1-9b0f-83f12c8e58e0", "historyId": "73a493c161f5189f89249bf7a7c46bd7", "testCaseId": "2ea4af866a6f0b6145e4e6caa3eec1ae", "fullName": "module_5.test_product_page.TestProductPage#test_guest_cant_see_success_message_after_adding_product_to_basket", "labels": [{"name": "tag", "value": "@pytest.mark.xfail"}, {"name": "parentSuite", "value": "module_5"}, {"name": "suite", "value": "test_product_page"}, {"name": "subSuite", "value": "TestProductPage"}, {"name": "host", "value": "ys"}, {"name": "thread", "value": "42542-MainThread"}, {"name": "framework", "value": "pytest"}, {"name": "language", "value": "cpython3"}, {"name": "package", "value": "module_5.test_product_page"}]}