{"name": "test_message_disappeared_after_adding_product_to_basket", "status": "skipped", "statusDetails": {"message": "XFAIL\n\nselenium.common.exceptions.NoAlertPresentException: Message: no such alert\n  (Session info: chrome=87.0.4280.88)", "trace": "E   selenium.common.exceptions.NoAlertPresentException: Message: no such alert\n      (Session info: chrome=87.0.4280.88)"}, "start": 1608037519997, "stop": 1608037522885, "uuid": "50ffbbe5-d8e1-4e16-a0ae-ab1bcde6d2bc", "historyId": "b1c3189d6400963e937a7a94e38cea78", "testCaseId": "f66e00741f4a223b46a7d8138cfe073c", "fullName": "module_5.test_product_page.TestProductPage#test_message_disappeared_after_adding_product_to_basket", "labels": [{"name": "tag", "value": "@pytest.mark.xfail"}, {"name": "parentSuite", "value": "module_5"}, {"name": "suite", "value": "test_product_page"}, {"name": "subSuite", "value": "TestProductPage"}, {"name": "host", "value": "ys.local"}, {"name": "thread", "value": "40744-MainThread"}, {"name": "framework", "value": "pytest"}, {"name": "language", "value": "cpython3"}, {"name": "package", "value": "module_5.test_product_page"}]}